app/build/intermediates/manifest_merge_blame_file/debug/processDebugMainManifest/manifest-merger-blame-debug-report.txt
1<?xml version="1.0" encoding="utf-8"?>
2<manifest xmlns:android="http://schemas.android.com/apk/res/android"
3    package="com.example.remotecontrol"
4    android:versionCode="1"
5    android:versionName="1.0" >
6
7    <uses-sdk
8        android:minSdkVersion="26"
9        android:targetSdkVersion="36" />
10
11    <uses-permission android:name="android.permission.RECEIVE_SMS" />
11-->src/main/AndroidManifest.xml:5:5-70
11-->src/main/AndroidManifest.xml:5:22-67
12    <uses-permission android:name="android.permission.READ_SMS" />
12-->src/main/AndroidManifest.xml:6:5-67
12-->src/main/AndroidManifest.xml:6:22-64
13    <uses-permission android:name="android.permission.SEND_SMS" />
13-->src/main/AndroidManifest.xml:7:5-67
13-->src/main/AndroidManifest.xml:7:22-64
14    <uses-permission android:name="android.permission.CALL_PHONE" />
14-->src/main/AndroidManifest.xml:8:5-69
14-->src/main/AndroidManifest.xml:8:22-66
15    <uses-permission android:name="android.permission.MANAGE_OWN_CALLS" />
15-->src/main/AndroidManifest.xml:9:5-75
15-->src/main/AndroidManifest.xml:9:22-72
16    <uses-permission android:name="android.permission.CAMERA" />
16-->src/main/AndroidManifest.xml:10:5-65
16-->src/main/AndroidManifest.xml:10:22-62
17
18    <uses-feature
18-->src/main/AndroidManifest.xml:11:5-85
19        android:name="android.hardware.camera2"
19-->src/main/AndroidManifest.xml:11:19-58
20        android:required="true" />
20-->src/main/AndroidManifest.xml:11:59-82
21
22    <uses-permission android:name="android.permission.FLASHLIGHT" />
22-->src/main/AndroidManifest.xml:12:5-69
22-->src/main/AndroidManifest.xml:12:22-66
23    <uses-permission android:name="android.permission.ACCESS_FINE_LOCATION" />
23-->src/main/AndroidManifest.xml:13:5-79
23-->src/main/AndroidManifest.xml:13:22-76
24    <uses-permission android:name="android.permission.ACCESS_COARSE_LOCATION" />
24-->src/main/AndroidManifest.xml:14:5-81
24-->src/main/AndroidManifest.xml:14:22-78
25    <uses-permission android:name="android.permission.MODIFY_AUDIO_SETTINGS" />
25-->src/main/AndroidManifest.xml:15:5-80
25-->src/main/AndroidManifest.xml:15:22-77
26    <uses-permission android:name="android.permission.RECORD_AUDIO" />
26-->src/main/AndroidManifest.xml:16:5-71
26-->src/main/AndroidManifest.xml:16:22-68
27    <uses-permission android:name="android.permission.READ_CONTACTS" />
27-->src/main/AndroidManifest.xml:17:5-72
27-->src/main/AndroidManifest.xml:17:22-69
28    <uses-permission android:name="android.permission.READ_CALL_LOG" />
28-->src/main/AndroidManifest.xml:18:5-72
28-->src/main/AndroidManifest.xml:18:22-69
29    <uses-permission android:name="android.permission.VIBRATE" />
29-->src/main/AndroidManifest.xml:19:5-66
29-->src/main/AndroidManifest.xml:19:22-63
30    <uses-permission android:name="android.permission.WAKE_LOCK" />
30-->src/main/AndroidManifest.xml:20:5-68
30-->src/main/AndroidManifest.xml:20:22-65
31    <uses-permission android:name="android.permission.CHANGE_WIFI_STATE" />
31-->src/main/AndroidManifest.xml:21:5-76
31-->src/main/AndroidManifest.xml:21:22-73
32    <uses-permission android:name="android.permission.ACCESS_WIFI_STATE" />
32-->src/main/AndroidManifest.xml:22:5-76
32-->src/main/AndroidManifest.xml:22:22-73
33    <uses-permission android:name="android.permission.BLUETOOTH" />
33-->src/main/AndroidManifest.xml:23:5-68
33-->src/main/AndroidManifest.xml:23:22-65
34    <uses-permission android:name="android.permission.BLUETOOTH_ADMIN" />
34-->src/main/AndroidManifest.xml:24:5-74
34-->src/main/AndroidManifest.xml:24:22-71
35    <uses-permission android:name="android.permission.BLUETOOTH_CONNECT" />
35-->src/main/AndroidManifest.xml:25:5-76
35-->src/main/AndroidManifest.xml:25:22-73
36    <uses-permission android:name="android.permission.READ_PHONE_STATE" />
36-->src/main/AndroidManifest.xml:26:5-75
36-->src/main/AndroidManifest.xml:26:22-72
37    <uses-permission android:name="android.permission.READ_PHONE_NUMBERS" />
37-->src/main/AndroidManifest.xml:27:5-77
37-->src/main/AndroidManifest.xml:27:22-74
38    <uses-permission android:name="android.permission.FOREGROUND_SERVICE" />
38-->src/main/AndroidManifest.xml:28:5-77
38-->src/main/AndroidManifest.xml:28:22-74
39    <uses-permission android:name="android.permission.FOREGROUND_SERVICE_SPECIAL_USE" />
39-->src/main/AndroidManifest.xml:29:5-89
39-->src/main/AndroidManifest.xml:29:22-86
40    <uses-permission android:name="android.permission.RECEIVE_BOOT_COMPLETED" />
40-->src/main/AndroidManifest.xml:30:5-81
40-->src/main/AndroidManifest.xml:30:22-78
41    <uses-permission android:name="android.permission.WRITE_EXTERNAL_STORAGE" />
41-->src/main/AndroidManifest.xml:31:5-81
41-->src/main/AndroidManifest.xml:31:22-78
42    <uses-permission android:name="android.permission.READ_EXTERNAL_STORAGE" />
42-->src/main/AndroidManifest.xml:32:5-80
42-->src/main/AndroidManifest.xml:32:22-77
43    <uses-permission android:name="android.permission.POST_NOTIFICATIONS" />
43-->src/main/AndroidManifest.xml:33:5-77
43-->src/main/AndroidManifest.xml:33:22-74
44    <uses-permission android:name="android.permission.FOREGROUND_SERVICE_MEDIA_PROJECTION" />
44-->src/main/AndroidManifest.xml:34:5-94
44-->src/main/AndroidManifest.xml:34:22-91
45    <uses-permission android:name="android.permission.SYSTEM_ALERT_WINDOW" />
45-->src/main/AndroidManifest.xml:35:5-78
45-->src/main/AndroidManifest.xml:35:22-75
46
47    <permission
47-->[androidx.core:core:1.18.0] AndroidManifest.xml:22:5-24:47
48        android:name="com.example.remotecontrol.DYNAMIC_RECEIVER_NOT_EXPORTED_PERMISSION"
48-->[androidx.core:core:1.18.0] AndroidManifest.xml:23:9-81
49        android:protectionLevel="signature" />
49-->[androidx.core:core:1.18.0] AndroidManifest.xml:24:9-44
50
51    <uses-permission android:name="com.example.remotecontrol.DYNAMIC_RECEIVER_NOT_EXPORTED_PERMISSION" />
51-->[androidx.core:core:1.18.0] AndroidManifest.xml:26:5-97
51-->[androidx.core:core:1.18.0] AndroidManifest.xml:26:22-94
52
53    <application
53-->src/main/AndroidManifest.xml:37:5-127:19
54        android:allowBackup="true"
54-->src/main/AndroidManifest.xml:38:9-35
55        android:appComponentFactory="androidx.core.app.CoreComponentFactory"
55-->[androidx.core:core:1.18.0] AndroidManifest.xml:28:18-86
56        android:debuggable="true"
57        android:extractNativeLibs="false"
58        android:icon="@mipmap/ic_launcher"
58-->src/main/AndroidManifest.xml:39:9-43
59        android:label="Remote Control"
59-->src/main/AndroidManifest.xml:41:9-39
60        android:roundIcon="@mipmap/ic_launcher_round"
60-->src/main/AndroidManifest.xml:40:9-54
61        android:theme="@style/Theme.RemoteControl" >
61-->src/main/AndroidManifest.xml:42:9-51
62        <activity
62-->src/main/AndroidManifest.xml:44:9-49:43
63            android:name="com.example.remotecontrol.CameraActivity"
63-->src/main/AndroidManifest.xml:45:13-43
64            android:exported="false"
64-->src/main/AndroidManifest.xml:46:13-37
65            android:showOnLockScreen="true"
65-->src/main/AndroidManifest.xml:48:13-44
66            android:theme="@style/Theme.RemoteControl"
66-->src/main/AndroidManifest.xml:47:13-55
67            android:turnScreenOn="true" />
67-->src/main/AndroidManifest.xml:49:13-40
68        <activity
68-->src/main/AndroidManifest.xml:51:9-54:75
69            android:name="com.example.remotecontrol.ScreenshotActivity"
69-->src/main/AndroidManifest.xml:52:13-47
70            android:exported="false"
70-->src/main/AndroidManifest.xml:53:13-37
71            android:theme="@android:style/Theme.Translucent.NoTitleBar" />
71-->src/main/AndroidManifest.xml:54:13-72
72        <activity
72-->src/main/AndroidManifest.xml:56:9-58:51
73            android:name="com.example.remotecontrol.SleepTimerActivity"
73-->src/main/AndroidManifest.xml:56:19-53
74            android:exported="false"
74-->src/main/AndroidManifest.xml:57:13-37
75            android:screenOrientation="portrait" />
75-->src/main/AndroidManifest.xml:58:13-49
76        <activity
76-->src/main/AndroidManifest.xml:59:9-77
77            android:name="com.example.remotecontrol.HistoryActivity"
77-->src/main/AndroidManifest.xml:59:19-50
78            android:exported="false" />
78-->src/main/AndroidManifest.xml:59:51-75
79        <activity
79-->src/main/AndroidManifest.xml:60:9-78
80            android:name="com.example.remotecontrol.CommandsActivity"
80-->src/main/AndroidManifest.xml:60:19-51
81            android:exported="false" />
81-->src/main/AndroidManifest.xml:60:52-76
82        <activity
82-->src/main/AndroidManifest.xml:61:9-62:75
83            android:name="com.example.remotecontrol.CallActivity"
83-->src/main/AndroidManifest.xml:61:19-47
84            android:exported="false"
84-->src/main/AndroidManifest.xml:61:48-72
85            android:theme="@android:style/Theme.Translucent.NoTitleBar" />
85-->src/main/AndroidManifest.xml:62:13-72
86        <activity
86-->src/main/AndroidManifest.xml:64:9-69:20
87            android:name="com.example.remotecontrol.MainActivity"
87-->src/main/AndroidManifest.xml:64:19-47
88            android:exported="true" >
88-->src/main/AndroidManifest.xml:64:48-71
89            <intent-filter>
89-->src/main/AndroidManifest.xml:65:13-68:29
90                <action android:name="android.intent.action.MAIN" />
90-->src/main/AndroidManifest.xml:66:17-69
90-->src/main/AndroidManifest.xml:66:25-66
91
92                <category android:name="android.intent.category.LAUNCHER" />
92-->src/main/AndroidManifest.xml:67:17-77
92-->src/main/AndroidManifest.xml:67:27-74
93            </intent-filter>
94        </activity>
95
96        <receiver
96-->src/main/AndroidManifest.xml:71:9-75:20
97            android:name="com.example.remotecontrol.SmsReceiver"
97-->src/main/AndroidManifest.xml:71:19-46
98            android:enabled="true"
98-->src/main/AndroidManifest.xml:71:47-69
99            android:exported="true" >
99-->src/main/AndroidManifest.xml:71:70-93
100            <intent-filter android:priority="999" >
100-->src/main/AndroidManifest.xml:72:13-74:29
100-->src/main/AndroidManifest.xml:72:28-50
101                <action android:name="android.provider.Telephony.SMS_RECEIVED" />
101-->src/main/AndroidManifest.xml:73:17-82
101-->src/main/AndroidManifest.xml:73:25-79
102            </intent-filter>
103        </receiver>
104        <receiver
104-->src/main/AndroidManifest.xml:77:9-82:20
105            android:name="com.example.remotecontrol.BootReceiver"
105-->src/main/AndroidManifest.xml:77:19-47
106            android:enabled="true"
106-->src/main/AndroidManifest.xml:77:48-70
107            android:exported="true" >
107-->src/main/AndroidManifest.xml:77:71-94
108            <intent-filter>
108-->src/main/AndroidManifest.xml:78:13-81:29
109                <action android:name="android.intent.action.BOOT_COMPLETED" />
109-->src/main/AndroidManifest.xml:79:17-79
109-->src/main/AndroidManifest.xml:79:25-76
110                <action android:name="android.intent.action.QUICKBOOT_POWERON" />
110-->src/main/AndroidManifest.xml:80:17-82
110-->src/main/AndroidManifest.xml:80:25-79
111            </intent-filter>
112        </receiver>
113
114        <service
114-->src/main/AndroidManifest.xml:84:9-88:19
115            android:name="com.example.remotecontrol.RemoteControlService"
115-->src/main/AndroidManifest.xml:84:18-54
116            android:enabled="true"
116-->src/main/AndroidManifest.xml:84:55-77
117            android:exported="false"
117-->src/main/AndroidManifest.xml:85:13-37
118            android:foregroundServiceType="specialUse" >
118-->src/main/AndroidManifest.xml:85:38-80
119            <property
119-->src/main/AndroidManifest.xml:86:13-87:50
120                android:name="android.app.PROPERTY_SPECIAL_USE_FGS_SUBTYPE"
120-->src/main/AndroidManifest.xml:86:23-82
121                android:value="remote_control" />
121-->src/main/AndroidManifest.xml:87:17-47
122        </service>
123
124        <receiver
124-->src/main/AndroidManifest.xml:90:9-100:20
125            android:name="com.example.remotecontrol.DeviceAdminReceiver"
125-->src/main/AndroidManifest.xml:91:13-48
126            android:exported="true"
126-->src/main/AndroidManifest.xml:92:13-36
127            android:permission="android.permission.BIND_DEVICE_ADMIN" >
127-->src/main/AndroidManifest.xml:93:13-70
128            <meta-data
128-->src/main/AndroidManifest.xml:94:13-96:56
129                android:name="android.app.device_admin"
129-->src/main/AndroidManifest.xml:95:17-56
130                android:resource="@xml/device_admin" />
130-->src/main/AndroidManifest.xml:96:17-53
131
132            <intent-filter>
132-->src/main/AndroidManifest.xml:97:13-99:29
133                <action android:name="android.app.action.DEVICE_ADMIN_ENABLED" />
133-->src/main/AndroidManifest.xml:98:17-82
133-->src/main/AndroidManifest.xml:98:25-79
134            </intent-filter>
135        </receiver>
136
137        <service
137-->src/main/AndroidManifest.xml:102:9-104:57
138            android:name="com.example.remotecontrol.BatteryMonitorService"
138-->src/main/AndroidManifest.xml:102:18-55
139            android:enabled="true"
139-->src/main/AndroidManifest.xml:103:13-35
140            android:exported="false"
140-->src/main/AndroidManifest.xml:103:36-60
141            android:foregroundServiceType="specialUse" />
141-->src/main/AndroidManifest.xml:104:13-55
142
143        <receiver
143-->src/main/AndroidManifest.xml:106:9-115:20
144            android:name="com.example.remotecontrol.BatteryAlertReceiver"
144-->src/main/AndroidManifest.xml:106:19-55
145            android:enabled="true"
145-->src/main/AndroidManifest.xml:107:13-35
146            android:exported="false" >
146-->src/main/AndroidManifest.xml:107:36-60
147            <intent-filter>
147-->src/main/AndroidManifest.xml:108:13-114:29
148                <action android:name="android.intent.action.BATTERY_LOW" />
148-->src/main/AndroidManifest.xml:109:17-75
148-->src/main/AndroidManifest.xml:109:25-73
149                <action android:name="android.intent.action.BATTERY_OKAY" />
149-->src/main/AndroidManifest.xml:110:17-76
149-->src/main/AndroidManifest.xml:110:25-74
150                <action android:name="android.intent.action.ACTION_POWER_CONNECTED" />
150-->src/main/AndroidManifest.xml:111:17-86
150-->src/main/AndroidManifest.xml:111:25-84
151                <action android:name="com.example.remotecontrol.BATTERY_FULL" />
151-->src/main/AndroidManifest.xml:112:17-80
151-->src/main/AndroidManifest.xml:112:25-78
152                <action android:name="com.example.remotecontrol.BATTERY_LOW_CUSTOM" />
152-->src/main/AndroidManifest.xml:113:17-86
152-->src/main/AndroidManifest.xml:113:25-84
153            </intent-filter>
154        </receiver>
155
156        <service
156-->src/main/AndroidManifest.xml:117:9-100
157            android:name="com.example.remotecontrol.LocationService"
157-->src/main/AndroidManifest.xml:117:18-49
158            android:enabled="true"
158-->src/main/AndroidManifest.xml:117:50-72
159            android:exported="false" />
159-->src/main/AndroidManifest.xml:117:73-97
160        <service
160-->src/main/AndroidManifest.xml:118:9-98
161            android:name="com.example.remotecontrol.CameraService"
161-->src/main/AndroidManifest.xml:118:18-47
162            android:enabled="true"
162-->src/main/AndroidManifest.xml:118:48-70
163            android:exported="false" />
163-->src/main/AndroidManifest.xml:118:71-95
164        <service
164-->src/main/AndroidManifest.xml:119:9-123:63
165            android:name="com.example.remotecontrol.ScreenshotService"
165-->src/main/AndroidManifest.xml:120:13-46
166            android:enabled="true"
166-->src/main/AndroidManifest.xml:121:13-35
167            android:exported="false"
167-->src/main/AndroidManifest.xml:122:13-37
168            android:foregroundServiceType="mediaProjection" />
168-->src/main/AndroidManifest.xml:123:13-60
169        <service
169-->src/main/AndroidManifest.xml:125:9-103
170            android:name="com.example.remotecontrol.AudioRecordService"
170-->src/main/AndroidManifest.xml:125:18-52
171            android:enabled="true"
171-->src/main/AndroidManifest.xml:125:53-75
172            android:exported="false" />
172-->src/main/AndroidManifest.xml:125:76-100
173
174        <activity
174-->[com.google.android.gms:play-services-base:18.5.0] AndroidManifest.xml:5:9-173
175            android:name="com.google.android.gms.common.api.GoogleApiActivity"
175-->[com.google.android.gms:play-services-base:18.5.0] AndroidManifest.xml:5:19-85
176            android:exported="false"
176-->[com.google.android.gms:play-services-base:18.5.0] AndroidManifest.xml:5:146-170
177            android:theme="@android:style/Theme.Translucent.NoTitleBar" />
177-->[com.google.android.gms:play-services-base:18.5.0] AndroidManifest.xml:5:86-145
178
179        <meta-data
179-->[com.google.android.gms:play-services-basement:18.4.0] AndroidManifest.xml:6:9-122
180            android:name="com.google.android.gms.version"
180-->[com.google.android.gms:play-services-basement:18.4.0] AndroidManifest.xml:6:20-65
181            android:value="@integer/google_play_services_version" />
181-->[com.google.android.gms:play-services-basement:18.4.0] AndroidManifest.xml:6:66-119
182
183        <provider
183-->[androidx.emoji2:emoji2:1.3.0] AndroidManifest.xml:24:9-32:20
184            android:name="androidx.startup.InitializationProvider"
184-->[androidx.emoji2:emoji2:1.3.0] AndroidManifest.xml:25:13-67
185            android:authorities="com.example.remotecontrol.androidx-startup"
185-->[androidx.emoji2:emoji2:1.3.0] AndroidManifest.xml:26:13-68
186            android:exported="false" >
186-->[androidx.emoji2:emoji2:1.3.0] AndroidManifest.xml:27:13-37
187            <meta-data
187-->[androidx.emoji2:emoji2:1.3.0] AndroidManifest.xml:29:13-31:52
188                android:name="androidx.emoji2.text.EmojiCompatInitializer"
188-->[androidx.emoji2:emoji2:1.3.0] AndroidManifest.xml:30:17-75
189                android:value="androidx.startup" />
189-->[androidx.emoji2:emoji2:1.3.0] AndroidManifest.xml:31:17-49
190            <meta-data
190-->[androidx.lifecycle:lifecycle-process:2.6.2] AndroidManifest.xml:29:13-31:52
191                android:name="androidx.lifecycle.ProcessLifecycleInitializer"
191-->[androidx.lifecycle:lifecycle-process:2.6.2] AndroidManifest.xml:30:17-78
192                android:value="androidx.startup" />
192-->[androidx.lifecycle:lifecycle-process:2.6.2] AndroidManifest.xml:31:17-49
193            <meta-data
193-->[androidx.profileinstaller:profileinstaller:1.3.1] AndroidManifest.xml:29:13-31:52
194                android:name="androidx.profileinstaller.ProfileInstallerInitializer"
194-->[androidx.profileinstaller:profileinstaller:1.3.1] AndroidManifest.xml:30:17-85
195                android:value="androidx.startup" />
195-->[androidx.profileinstaller:profileinstaller:1.3.1] AndroidManifest.xml:31:17-49
196        </provider>
197
198        <receiver
198-->[androidx.profileinstaller:profileinstaller:1.3.1] AndroidManifest.xml:34:9-52:20
199            android:name="androidx.profileinstaller.ProfileInstallReceiver"
199-->[androidx.profileinstaller:profileinstaller:1.3.1] AndroidManifest.xml:35:13-76
200            android:directBootAware="false"
200-->[androidx.profileinstaller:profileinstaller:1.3.1] AndroidManifest.xml:36:13-44
201            android:enabled="true"
201-->[androidx.profileinstaller:profileinstaller:1.3.1] AndroidManifest.xml:37:13-35
202            android:exported="true"
202-->[androidx.profileinstaller:profileinstaller:1.3.1] AndroidManifest.xml:38:13-36
203            android:permission="android.permission.DUMP" >
203-->[androidx.profileinstaller:profileinstaller:1.3.1] AndroidManifest.xml:39:13-57
204            <intent-filter>
204-->[androidx.profileinstaller:profileinstaller:1.3.1] AndroidManifest.xml:40:13-42:29
205                <action android:name="androidx.profileinstaller.action.INSTALL_PROFILE" />
205-->[androidx.profileinstaller:profileinstaller:1.3.1] AndroidManifest.xml:41:17-91
205-->[androidx.profileinstaller:profileinstaller:1.3.1] AndroidManifest.xml:41:25-88
206            </intent-filter>
207            <intent-filter>
207-->[androidx.profileinstaller:profileinstaller:1.3.1] AndroidManifest.xml:43:13-45:29
208                <action android:name="androidx.profileinstaller.action.SKIP_FILE" />
208-->[androidx.profileinstaller:profileinstaller:1.3.1] AndroidManifest.xml:44:17-85
208-->[androidx.profileinstaller:profileinstaller:1.3.1] AndroidManifest.xml:44:25-82
209            </intent-filter>
210            <intent-filter>
210-->[androidx.profileinstaller:profileinstaller:1.3.1] AndroidManifest.xml:46:13-48:29
211                <action android:name="androidx.profileinstaller.action.SAVE_PROFILE" />
211-->[androidx.profileinstaller:profileinstaller:1.3.1] AndroidManifest.xml:47:17-88
211-->[androidx.profileinstaller:profileinstaller:1.3.1] AndroidManifest.xml:47:25-85
212            </intent-filter>
213            <intent-filter>
213-->[androidx.profileinstaller:profileinstaller:1.3.1] AndroidManifest.xml:49:13-51:29
214                <action android:name="androidx.profileinstaller.action.BENCHMARK_OPERATION" />
214-->[androidx.profileinstaller:profileinstaller:1.3.1] AndroidManifest.xml:50:17-95
214-->[androidx.profileinstaller:profileinstaller:1.3.1] AndroidManifest.xml:50:25-92
215            </intent-filter>
216        </receiver>
217    </application>
218
219</manifest>